2025-11-21 07:37:23.716 INFO  TestHooks.beforeAll:22  - === TEST SUITE BAŞLADI ===
2025-11-21 07:37:23.880 INFO  TestHooks.beforeScenario:33 [TC905 kullanici samplesale uzerinden yanlis seri no girer.] - Senaryo başladı: TC905 kullanici samplesale uzerinden yanlis seri no girer.
2025-11-21 07:41:03.597 INFO  TestHooks.beforeAll:22  - === TEST SUITE BAŞLADI ===
2025-11-21 07:41:03.715 INFO  TestHooks.beforeScenario:33 [TC905 kullanici samplesale uzerinden yanlis seri no girer.] - Senaryo başladı: TC905 kullanici samplesale uzerinden yanlis seri no girer.
2025-11-21 09:16:58.172 INFO  TestHooks.beforeAll:22  - === TEST SUITE BAŞLADI ===
2025-11-21 09:16:58.310 INFO  TestHooks.beforeScenario:33 [TC905 kullanici samplesale uzerinden yanlis seri no girer.] - Senaryo başladı: TC905 kullanici samplesale uzerinden yanlis seri no girer.
2025-11-21 09:18:00.521 INFO  TestHooks.afterScenario:54 [TC905 kullanici samplesale uzerinden yanlis seri no girer.] - ✅ Senaryo PASS → TC905 kullanici samplesale uzerinden yanlis seri no girer.
2025-11-21 09:18:00.748 INFO  TestHooks.beforeScenario:33 [TC901 kullanici samplesale uzerinden basarili kurulum yapabilmeli] - Senaryo başladı: TC901 kullanici samplesale uzerinden basarili kurulum yapabilmeli
2025-11-21 09:20:41.393 INFO  TestHooks.afterScenario:54 [TC901 kullanici samplesale uzerinden basarili kurulum yapabilmeli] - ✅ Senaryo PASS → TC901 kullanici samplesale uzerinden basarili kurulum yapabilmeli
2025-11-21 09:20:41.604 INFO  TestHooks.beforeScenario:33 [TC902 kullanici parametre alir] - Senaryo başladı: TC902 kullanici parametre alir
2025-11-21 09:21:51.901 INFO  TestHooks.afterScenario:54 [TC902 kullanici parametre alir] - ✅ Senaryo PASS → TC902 kullanici parametre alir
2025-11-21 09:21:52.113 INFO  TestHooks.beforeScenario:33 [TC903 kullanici gunsonu yapar] - Senaryo başladı: TC903 kullanici gunsonu yapar
2025-11-21 09:23:02.872 INFO  TestHooks.afterScenario:54 [TC903 kullanici gunsonu yapar] - ✅ Senaryo PASS → TC903 kullanici gunsonu yapar
2025-11-21 09:23:03.100 INFO  TestHooks.beforeScenario:33 [TC904  kullanici samplesale uzerinden cihazın serisine basarili kurulum yapabilmeli] - Senaryo başladı: TC904  kullanici samplesale uzerinden cihazın serisine basarili kurulum yapabilmeli
2025-11-21 09:24:16.545 WARN  TestHooks.afterStep:39 [TC904  kullanici samplesale uzerinden cihazın serisine basarili kurulum yapabilmeli] - ❌ Adım FAIL oldu → Screenshot alınıyor...
2025-11-21 09:24:17.459 INFO  ScreenshotUtil.captureAndAttach:39 [TC904  kullanici samplesale uzerinden cihazın serisine basarili kurulum yapabilmeli] - Screenshot kaydedildi: C:\Users\ozgun.tufenkci\Desktop\WorkSpace\PaxAutomationAndroid\target\screenshots\TC904__kullanici_samplesale_uzerinden_cihaz_n_serisine_basarili_kurulum_yapabilmeli_20251121-092417441.png
2025-11-21 09:24:17.460 ERROR TestHooks.afterScenario:49 [TC904  kullanici samplesale uzerinden cihazın serisine basarili kurulum yapabilmeli] - ❌ Senaryo FAIL → TC904  kullanici samplesale uzerinden cihazın serisine basarili kurulum yapabilmeli
2025-11-21 09:24:18.386 INFO  ScreenshotUtil.captureAndAttach:39 [TC904  kullanici samplesale uzerinden cihazın serisine basarili kurulum yapabilmeli] - Screenshot kaydedildi: C:\Users\ozgun.tufenkci\Desktop\WorkSpace\PaxAutomationAndroid\target\screenshots\TC904__kullanici_samplesale_uzerinden_cihaz_n_serisine_basarili_kurulum_yapabilmeli_20251121-092418383.png
2025-11-21 09:24:18.603 INFO  TestHooks.beforeScenario:33 [TC906 kullanici samplesale uzerinden halkbank combo kart ile MKE satis islemi gecer] - Senaryo başladı: TC906 kullanici samplesale uzerinden halkbank combo kart ile MKE satis islemi gecer
2025-11-21 09:25:45.332 WARN  TestHooks.afterStep:39 [TC906 kullanici samplesale uzerinden halkbank combo kart ile MKE satis islemi gecer] - ❌ Adım FAIL oldu → Screenshot alınıyor...
2025-11-21 09:25:46.222 INFO  ScreenshotUtil.captureAndAttach:39 [TC906 kullanici samplesale uzerinden halkbank combo kart ile MKE satis islemi gecer] - Screenshot kaydedildi: C:\Users\ozgun.tufenkci\Desktop\WorkSpace\PaxAutomationAndroid\target\screenshots\TC906_kullanici_samplesale_uzerinden_halkbank_combo_kart_ile_MKE_satis_islemi_gecer_20251121-092546219.png
2025-11-21 09:25:46.222 ERROR TestHooks.afterScenario:49 [TC906 kullanici samplesale uzerinden halkbank combo kart ile MKE satis islemi gecer] - ❌ Senaryo FAIL → TC906 kullanici samplesale uzerinden halkbank combo kart ile MKE satis islemi gecer
2025-11-21 09:25:47.127 INFO  ScreenshotUtil.captureAndAttach:39 [TC906 kullanici samplesale uzerinden halkbank combo kart ile MKE satis islemi gecer] - Screenshot kaydedildi: C:\Users\ozgun.tufenkci\Desktop\WorkSpace\PaxAutomationAndroid\target\screenshots\TC906_kullanici_samplesale_uzerinden_halkbank_combo_kart_ile_MKE_satis_islemi_gecer_20251121-092547124.png
2025-11-21 09:25:47.334 INFO  TestHooks.beforeScenario:33 [TC907 kullanici samplesale uzerinden ziraat combo kart ile MKE satis islemi gecer] - Senaryo başladı: TC907 kullanici samplesale uzerinden ziraat combo kart ile MKE satis islemi gecer
2025-11-21 09:26:56.722 INFO  TestHooks.afterScenario:54 [TC907 kullanici samplesale uzerinden ziraat combo kart ile MKE satis islemi gecer] - ✅ Senaryo PASS → TC907 kullanici samplesale uzerinden ziraat combo kart ile MKE satis islemi gecer
2025-11-21 09:26:56.935 INFO  TestHooks.beforeScenario:33 [TC908 kullanici techpos merchant menude gorunmesi gereken secimleri test eder] - Senaryo başladı: TC908 kullanici techpos merchant menude gorunmesi gereken secimleri test eder
2025-11-21 09:28:12.112 WARN  TestHooks.afterStep:39 [TC908 kullanici techpos merchant menude gorunmesi gereken secimleri test eder] - ❌ Adım FAIL oldu → Screenshot alınıyor...
2025-11-21 09:28:13.023 INFO  ScreenshotUtil.captureAndAttach:39 [TC908 kullanici techpos merchant menude gorunmesi gereken secimleri test eder] - Screenshot kaydedildi: C:\Users\ozgun.tufenkci\Desktop\WorkSpace\PaxAutomationAndroid\target\screenshots\TC908_kullanici_techpos_merchant_menude_gorunmesi_gereken_secimleri_test_eder_20251121-092813021.png
2025-11-21 09:28:13.027 ERROR TestHooks.afterScenario:49 [TC908 kullanici techpos merchant menude gorunmesi gereken secimleri test eder] - ❌ Senaryo FAIL → TC908 kullanici techpos merchant menude gorunmesi gereken secimleri test eder
2025-11-21 09:28:13.915 INFO  ScreenshotUtil.captureAndAttach:39 [TC908 kullanici techpos merchant menude gorunmesi gereken secimleri test eder] - Screenshot kaydedildi: C:\Users\ozgun.tufenkci\Desktop\WorkSpace\PaxAutomationAndroid\target\screenshots\TC908_kullanici_techpos_merchant_menude_gorunmesi_gereken_secimleri_test_eder_20251121-092813909.png
2025-11-21 09:28:14.177 INFO  TestHooks.beforeScenario:33 [TC910 kullanici techpos transaction menude gorunmesi gereken secimleri test eder] - Senaryo başladı: TC910 kullanici techpos transaction menude gorunmesi gereken secimleri test eder
2025-11-21 09:28:48.407 INFO  TestHooks.afterScenario:54 [TC910 kullanici techpos transaction menude gorunmesi gereken secimleri test eder] - ✅ Senaryo PASS → TC910 kullanici techpos transaction menude gorunmesi gereken secimleri test eder
2025-11-21 09:28:48.619 INFO  TestHooks.beforeScenario:33 [TC909 kullanici samplesale uzerinden CTLS satis islemi gecer] - Senaryo başladı: TC909 kullanici samplesale uzerinden CTLS satis islemi gecer
2025-11-21 09:30:21.929 WARN  TestHooks.afterStep:39 [TC909 kullanici samplesale uzerinden CTLS satis islemi gecer] - ❌ Adım FAIL oldu → Screenshot alınıyor...
2025-11-21 09:30:24.399 INFO  ScreenshotUtil.captureAndAttach:39 [TC909 kullanici samplesale uzerinden CTLS satis islemi gecer] - Screenshot kaydedildi: C:\Users\ozgun.tufenkci\Desktop\WorkSpace\PaxAutomationAndroid\target\screenshots\TC909_kullanici_samplesale_uzerinden_CTLS_satis_islemi_gecer_20251121-093024385.png
2025-11-21 09:30:24.400 ERROR TestHooks.afterScenario:49 [TC909 kullanici samplesale uzerinden CTLS satis islemi gecer] - ❌ Senaryo FAIL → TC909 kullanici samplesale uzerinden CTLS satis islemi gecer
2025-11-21 09:30:26.871 INFO  ScreenshotUtil.captureAndAttach:39 [TC909 kullanici samplesale uzerinden CTLS satis islemi gecer] - Screenshot kaydedildi: C:\Users\ozgun.tufenkci\Desktop\WorkSpace\PaxAutomationAndroid\target\screenshots\TC909_kullanici_samplesale_uzerinden_CTLS_satis_islemi_gecer_20251121-093026865.png
2025-11-21 09:30:27.097 INFO  TestHooks.afterAll:27  - === TEST SUITE BİTTİ ===
